<?xml version="1.0" encoding="UTF-8"?>
<testsuite name="AppTest" tests="1" skipped="0" failures="0" errors="0" timestamp="2016-01-07T16:42:21" hostname="epicodus-31.local" time="0.002">
  <properties/>
  <testcase name="coinCombo_shouldGiveCoinCombo75Cents_3Quarters" classname="AppTest" time="0.002"/>
  <system-out><![CDATA[]]></system-out>
  <system-err><![CDATA[]]></system-err>
</testsuite>
