<?xml version="1.0" encoding="UTF-8"?>
<testsuite name="AppTest" tests="4" skipped="0" failures="0" errors="0" timestamp="2016-01-07T19:54:14" hostname="epicodus-31.local" time="0.002">
  <properties/>
  <testcase name="coinCombo_shouldGiveCoinCombo85Cents_3Quarters1Dime" classname="AppTest" time="0.002"/>
  <testcase name="coinCombo_shouldGiveCoinCombos90Cents_3Quarters1Dime1Nickel" classname="AppTest" time="0.0"/>
  <testcase name="coinCombo_shouldGiveCoinCombo75Cents_3Quarters" classname="AppTest" time="0.0"/>
  <testcase name="coinCombo_shouldGiveCoinCombos90Cents_3Quarters1Dime1Nickel3Pennies" classname="AppTest" time="0.0"/>
  <system-out><![CDATA[]]></system-out>
  <system-err><![CDATA[]]></system-err>
</testsuite>
