<?xml version="1.0" encoding="UTF-8"?>
<testsuite name="AppTest" tests="5" skipped="0" failures="0" errors="0" timestamp="2016-01-08T00:00:28" hostname="epicodus-31.local" time="0.01">
  <properties/>
  <testcase name="coinCombo_shouldGiveCoinCombo85Cents_3Quarters1Dime" classname="AppTest" time="0.009"/>
  <testcase name="coinCombo_shouldGiveCoinCombos90Cents_3Quarters1Dime1Nickel" classname="AppTest" time="0.0"/>
  <testcase name="coinCombo_shouldGiveCoinCombo75Cents_3Quarters" classname="AppTest" time="0.0"/>
  <testcase name="coinCombo_shouldGiveCoinCombos90Cents_3Quarters1Dime1Nickel3Pennies" classname="AppTest" time="0.0"/>
  <testcase name="limitedCoins_shouldGiveCoinCombos125Cents_4Quarters2Dime1Nickel" classname="AppTest" time="0.0"/>
  <system-out><![CDATA[]]></system-out>
  <system-err><![CDATA[]]></system-err>
</testsuite>
