<?xml version="1.0" encoding="UTF-8"?>
<testsuite name="IntegrationTest" tests="3" skipped="0" failures="0" errors="0" timestamp="2016-01-07T19:54:14" hostname="epicodus-31.local" time="0.316">
  <properties/>
  <testcase name="enterCoinAmount" classname="IntegrationTest" time="0.293"/>
  <testcase name="rootTest" classname="IntegrationTest" time="0.008"/>
  <testcase name="checkHomePage" classname="IntegrationTest" time="0.007"/>
  <system-out><![CDATA[90
]]></system-out>
  <system-err><![CDATA[[Thread-4] INFO spark.webserver.SparkServer - == Spark has ignited ...
[Thread-4] INFO spark.webserver.SparkServer - >> Listening on 0.0.0.0:4567
[Thread-4] INFO org.eclipse.jetty.server.Server - jetty-9.0.2.v20130417
[Thread-4] INFO org.eclipse.jetty.server.ServerConnector - Started ServerConnector@c71c0bd{HTTP/1.1}{0.0.0.0:4567}
[Test worker] INFO spark.webserver.SparkServer - >>> Spark shutting down ...
[Test worker] INFO org.eclipse.jetty.server.Server - Graceful shutdown org.eclipse.jetty.server.Server@6170013b by 
[Test worker] INFO org.eclipse.jetty.server.ServerConnector - Stopped ServerConnector@c71c0bd{HTTP/1.1}{0.0.0.0:4567}
[Test worker] INFO spark.webserver.SparkServer - done
]]></system-err>
</testsuite>
